<?xml version="1.0" encoding="UTF-8"?>
<testng-results skipped="0" failed="0" ignored="0" total="1" passed="1">
  <reporter-output>
  </reporter-output>
  <suite name="Default suite" duration-ms="37" started-at="2020-07-30T17:53:16 EDT" finished-at="2020-07-30T17:53:16 EDT">
    <groups>
    </groups>
    <test name="Default test" duration-ms="37" started-at="2020-07-30T17:53:16 EDT" finished-at="2020-07-30T17:53:16 EDT">
      <class name="com.acti.base.DriverScript">
        <test-method status="PASS" signature="DriverScript()[pri:0, instance:com.acti.base.DriverScript@131276c2]" name="DriverScript" duration-ms="11" started-at="2020-07-30T17:53:16 EDT" finished-at="2020-07-30T17:53:16 EDT">
          <reporter-output>
          </reporter-output>
        </test-method> <!-- DriverScript -->
      </class> <!-- com.acti.base.DriverScript -->
    </test> <!-- Default test -->
  </suite> <!-- Default suite -->
</testng-results>
